[debug] [2023-07-02T21:54:04.012Z] ----------------------------------------------------------------------
[debug] [2023-07-02T21:54:04.015Z] Command:       C:\Program Files\nodejs\node.exe C:\Users\Norhan Natte\AppData\Roaming\npm\node_modules\firebase-tools\lib\bin\firebase.js projects:create --display-name chatapp
[debug] [2023-07-02T21:54:04.015Z] CLI Version:   12.4.2
[debug] [2023-07-02T21:54:04.016Z] Platform:      win32
[debug] [2023-07-02T21:54:04.016Z] Node Version:  v18.16.0
[debug] [2023-07-02T21:54:04.017Z] Time:          Sun Jul 02 2023 21:54:04 GMT+0000 (Coordinated Universal Time)
[debug] [2023-07-02T21:54:04.017Z] ----------------------------------------------------------------------
[debug] 
[debug] [2023-07-02T21:54:04.026Z] > command requires scopes: ["email","openid","https://www.googleapis.com/auth/cloudplatformprojects.readonly","https://www.googleapis.com/auth/firebase","https://www.googleapis.com/auth/cloud-platform"]
[debug] [2023-07-02T21:54:04.026Z] > authorizing via signed-in user (noranateee@gmail.com)
[debug] [2023-07-02T21:54:30.205Z] >>> [apiv2][query] POST https://cloudresourcemanager.googleapis.com/v1/projects [none]
[debug] [2023-07-02T21:54:30.205Z] >>> [apiv2][body] POST https://cloudresourcemanager.googleapis.com/v1/projects {"projectId":"chat-app","name":"chatapp"}
[debug] [2023-07-02T21:54:31.359Z] <<< [apiv2][status] POST https://cloudresourcemanager.googleapis.com/v1/projects 409
[debug] [2023-07-02T21:54:31.360Z] <<< [apiv2][body] POST https://cloudresourcemanager.googleapis.com/v1/projects {"error":{"code":409,"message":"Requested entity already exists","status":"ALREADY_EXISTS"}}
[debug] [2023-07-02T21:54:31.702Z] FirebaseError: HTTP Error: 409, Requested entity already exists
    at responseToError (C:\Users\Norhan Natte\AppData\Roaming\npm\node_modules\firebase-tools\lib\responseToError.js:49:12)
    at RetryOperation._fn (C:\Users\Norhan Natte\AppData\Roaming\npm\node_modules\firebase-tools\lib\apiv2.js:288:77)
    at process.processTicksAndRejections (node:internal/process/task_queues:95:5)
[error] 
[error] Error: Failed to create project because there is already a project with ID chat-app. Please try again with a unique project ID.
[debug] [2023-07-02T21:54:49.646Z] ----------------------------------------------------------------------
[debug] [2023-07-02T21:54:49.648Z] Command:       C:\Program Files\nodejs\node.exe C:\Users\Norhan Natte\AppData\Roaming\npm\node_modules\firebase-tools\lib\bin\firebase.js projects:create --display-name chatapp
[debug] [2023-07-02T21:54:49.649Z] CLI Version:   12.4.2
[debug] [2023-07-02T21:54:49.649Z] Platform:      win32
[debug] [2023-07-02T21:54:49.649Z] Node Version:  v18.16.0
[debug] [2023-07-02T21:54:49.650Z] Time:          Sun Jul 02 2023 21:54:49 GMT+0000 (Coordinated Universal Time)
[debug] [2023-07-02T21:54:49.650Z] ----------------------------------------------------------------------
[debug] 
[debug] [2023-07-02T21:54:49.659Z] > command requires scopes: ["email","openid","https://www.googleapis.com/auth/cloudplatformprojects.readonly","https://www.googleapis.com/auth/firebase","https://www.googleapis.com/auth/cloud-platform"]
[debug] [2023-07-02T21:54:49.660Z] > authorizing via signed-in user (noranateee@gmail.com)
[debug] [2023-07-02T21:55:01.117Z] >>> [apiv2][query] POST https://cloudresourcemanager.googleapis.com/v1/projects [none]
[debug] [2023-07-02T21:55:01.117Z] >>> [apiv2][body] POST https://cloudresourcemanager.googleapis.com/v1/projects {"projectId":"chat-app-nour","name":"chatapp"}
[debug] [2023-07-02T21:55:02.215Z] <<< [apiv2][status] POST https://cloudresourcemanager.googleapis.com/v1/projects 200
[debug] [2023-07-02T21:55:02.215Z] <<< [apiv2][body] POST https://cloudresourcemanager.googleapis.com/v1/projects {"name":"operations/cp.7490803898104683986"}
[debug] [2023-07-02T21:55:02.218Z] >>> [apiv2][query] GET https://cloudresourcemanager.googleapis.com/v1/operations/cp.7490803898104683986 [none]
[debug] [2023-07-02T21:55:03.247Z] <<< [apiv2][status] GET https://cloudresourcemanager.googleapis.com/v1/operations/cp.7490803898104683986 200
[debug] [2023-07-02T21:55:03.248Z] <<< [apiv2][body] GET https://cloudresourcemanager.googleapis.com/v1/operations/cp.7490803898104683986 {"name":"operations/cp.7490803898104683986","metadata":{"@type":"type.googleapis.com/google.cloudresourcemanager.v1.ProjectCreationStatus","ready":true},"done":true,"error":{"code":9,"message":"Callers must accept Terms of Service","details":[{"@type":"type.googleapis.com/google.rpc.PreconditionFailure","violations":[{"type":"TOS","subject":"cloud","description":"Callers must accept Terms of Service"}]}]}}
[debug] [2023-07-02T21:55:03.471Z] FirebaseError: Callers must accept Terms of Service
    at OperationPoller.poll (C:\Users\Norhan Natte\AppData\Roaming\npm\node_modules\firebase-tools\lib\operation-poller.js:24:19)
    at process.processTicksAndRejections (node:internal/process/task_queues:95:5)
    at async createCloudProject (C:\Users\Norhan Natte\AppData\Roaming\npm\node_modules\firebase-tools\lib\management\projects.js:186:29)
    at async createFirebaseProjectAndLog (C:\Users\Norhan Natte\AppData\Roaming\npm\node_modules\firebase-tools\lib\management\projects.js:45:9)
[error] 
[error] Error: Failed to create project. See firebase-debug.log for more info.
